global_palette.h
global_palette.c
classic_sprites.h
classic_sprites.c
classic_title.h
classic_title.c
plastic_sprites.h
plastic_sprites.c
plastic_title.h
plastic_title.c
google_sprites.h
google_sprites.c
google_title.h
google_title.c
classic_dark_sprites.h
classic_dark_sprites.c
classic_dark_title.h
classic_dark_title.c
words_sprites.h
words_sprites.c
words_title.h
words_title.c
colors_sprites.h
colors_sprites.c
colors_title.h
colors_title.c
roman_sprites.h
roman_sprites.c
roman_title.h
roman_title.c
gfx.h
